<<<<<<< HEAD
=======
[Fri Jan 22 2016 15:15:11 GMT+0800 (中国标准时间)] /libs/jquery/dist/jquery.min.map
Error: Error getting collection: sessions
    at G:\nodejs-project\ship\node_modules\connect-mongo\lib\connect-mongo.js:160:19
    at Db.collection (G:\nodejs-project\ship\node_modules\connect-mongo\node_modules\mongodb\lib\mongodb\db.js:526:27)
    at MongoStore._get_collection (G:\nodejs-project\ship\node_modules\connect-mongo\lib\connect-mongo.js:158:17)
    at MongoStore.get (G:\nodejs-project\ship\node_modules\connect-mongo\lib\connect-mongo.js:222:10)
    at session (G:\nodejs-project\ship\node_modules\express-session\index.js:408:11)
    at Layer.handle [as handle_request] (G:\nodejs-project\ship\node_modules\express\lib\router\layer.js:95:5)
    at trim_prefix (G:\nodejs-project\ship\node_modules\express\lib\router\index.js:312:13)
    at G:\nodejs-project\ship\node_modules\express\lib\router\index.js:280:7
    at Function.process_params (G:\nodejs-project\ship\node_modules\express\lib\router\index.js:330:12)
    at next (G:\nodejs-project\ship\node_modules\express\lib\router\index.js:271:10)
    at expressInit (G:\nodejs-project\ship\node_modules\express\lib\middleware\init.js:33:5)
    at Layer.handle [as handle_request] (G:\nodejs-project\ship\node_modules\express\lib\router\layer.js:95:5)
    at trim_prefix (G:\nodejs-project\ship\node_modules\express\lib\router\index.js:312:13)
    at G:\nodejs-project\ship\node_modules\express\lib\router\index.js:280:7
    at Function.process_params (G:\nodejs-project\ship\node_modules\express\lib\router\index.js:330:12)
    at next (G:\nodejs-project\ship\node_modules\express\lib\router\index.js:271:10)
[Fri Jan 22 2016 15:15:43 GMT+0800 (中国标准时间)] /libs/bootstrap/dist/css/bootstrap.min.css.map
Error: Error getting collection: sessions
    at G:\nodejs-project\ship\node_modules\connect-mongo\lib\connect-mongo.js:160:19
    at Db.collection (G:\nodejs-project\ship\node_modules\connect-mongo\node_modules\mongodb\lib\mongodb\db.js:526:27)
    at MongoStore._get_collection (G:\nodejs-project\ship\node_modules\connect-mongo\lib\connect-mongo.js:158:17)
    at MongoStore.get (G:\nodejs-project\ship\node_modules\connect-mongo\lib\connect-mongo.js:222:10)
    at session (G:\nodejs-project\ship\node_modules\express-session\index.js:408:11)
    at Layer.handle [as handle_request] (G:\nodejs-project\ship\node_modules\express\lib\router\layer.js:95:5)
    at trim_prefix (G:\nodejs-project\ship\node_modules\express\lib\router\index.js:312:13)
    at G:\nodejs-project\ship\node_modules\express\lib\router\index.js:280:7
    at Function.process_params (G:\nodejs-project\ship\node_modules\express\lib\router\index.js:330:12)
    at next (G:\nodejs-project\ship\node_modules\express\lib\router\index.js:271:10)
    at expressInit (G:\nodejs-project\ship\node_modules\express\lib\middleware\init.js:33:5)
    at Layer.handle [as handle_request] (G:\nodejs-project\ship\node_modules\express\lib\router\layer.js:95:5)
    at trim_prefix (G:\nodejs-project\ship\node_modules\express\lib\router\index.js:312:13)
    at G:\nodejs-project\ship\node_modules\express\lib\router\index.js:280:7
    at Function.process_params (G:\nodejs-project\ship\node_modules\express\lib\router\index.js:330:12)
    at next (G:\nodejs-project\ship\node_modules\express\lib\router\index.js:271:10)
[Fri Jan 22 2016 15:15:43 GMT+0800 (中国标准时间)] /libs/jquery/dist/jquery.min.map
Error: Cannot determine state of server
    at canCheckoutReader (G:\nodejs-project\ship\node_modules\connect-mongo\node_modules\mongodb\lib\mongodb\connection\server.js:779:12)
    at Server.checkoutReader (G:\nodejs-project\ship\node_modules\connect-mongo\node_modules\mongodb\lib\mongodb\connection\server.js:793:16)
    at Cursor.nextObject (G:\nodejs-project\ship\node_modules\connect-mongo\node_modules\mongodb\lib\mongodb\cursor.js:748:48)
    at Collection.findOne (G:\nodejs-project\ship\node_modules\connect-mongo\node_modules\mongodb\lib\mongodb\collection\query.js:162:10)
    at G:\nodejs-project\ship\node_modules\connect-mongo\lib\connect-mongo.js:223:18
    at MongoStore._get_collection (G:\nodejs-project\ship\node_modules\connect-mongo\lib\connect-mongo.js:156:21)
    at MongoStore.get (G:\nodejs-project\ship\node_modules\connect-mongo\lib\connect-mongo.js:222:10)
    at session (G:\nodejs-project\ship\node_modules\express-session\index.js:408:11)
    at Layer.handle [as handle_request] (G:\nodejs-project\ship\node_modules\express\lib\router\layer.js:95:5)
    at trim_prefix (G:\nodejs-project\ship\node_modules\express\lib\router\index.js:312:13)
    at G:\nodejs-project\ship\node_modules\express\lib\router\index.js:280:7
    at Function.process_params (G:\nodejs-project\ship\node_modules\express\lib\router\index.js:330:12)
    at next (G:\nodejs-project\ship\node_modules\express\lib\router\index.js:271:10)
    at expressInit (G:\nodejs-project\ship\node_modules\express\lib\middleware\init.js:33:5)
    at Layer.handle [as handle_request] (G:\nodejs-project\ship\node_modules\express\lib\router\layer.js:95:5)
    at trim_prefix (G:\nodejs-project\ship\node_modules\express\lib\router\index.js:312:13)
[Sat Jan 23 2016 21:23:25 GMT+0800 (中国标准时间)] /blog/files/userhead/360popx200.jpg
Error: Error getting collection: sessions
    at F:\nodejs-project\ship\node_modules\connect-mongo\lib\connect-mongo.js:160:19
    at Db.collection (F:\nodejs-project\ship\node_modules\connect-mongo\node_modules\mongodb\lib\mongodb\db.js:526:27)
    at MongoStore._get_collection (F:\nodejs-project\ship\node_modules\connect-mongo\lib\connect-mongo.js:158:17)
    at MongoStore.get (F:\nodejs-project\ship\node_modules\connect-mongo\lib\connect-mongo.js:222:10)
    at session (F:\nodejs-project\ship\node_modules\express-session\index.js:403:11)
    at Layer.handle [as handle_request] (F:\nodejs-project\ship\node_modules\express\lib\router\layer.js:95:5)
    at trim_prefix (F:\nodejs-project\ship\node_modules\express\lib\router\index.js:312:13)
    at F:\nodejs-project\ship\node_modules\express\lib\router\index.js:280:7
    at Function.process_params (F:\nodejs-project\ship\node_modules\express\lib\router\index.js:330:12)
    at next (F:\nodejs-project\ship\node_modules\express\lib\router\index.js:271:10)
    at expressInit (F:\nodejs-project\ship\node_modules\express\lib\middleware\init.js:33:5)
    at Layer.handle [as handle_request] (F:\nodejs-project\ship\node_modules\express\lib\router\layer.js:95:5)
    at trim_prefix (F:\nodejs-project\ship\node_modules\express\lib\router\index.js:312:13)
    at F:\nodejs-project\ship\node_modules\express\lib\router\index.js:280:7
    at Function.process_params (F:\nodejs-project\ship\node_modules\express\lib\router\index.js:330:12)
    at next (F:\nodejs-project\ship\node_modules\express\lib\router\index.js:271:10)
[Wed Jan 27 2016 11:07:30 GMT+0800 (中国标准时间)] /libs/bootstrap/dist/css/bootstrap.min.css.map
Error: Error getting collection: sessions
    at G:\nodejs-project\ship\node_modules\connect-mongo\lib\connect-mongo.js:160:19
    at Db.collection (G:\nodejs-project\ship\node_modules\connect-mongo\node_modules\mongodb\lib\mongodb\db.js:526:27)
    at MongoStore._get_collection (G:\nodejs-project\ship\node_modules\connect-mongo\lib\connect-mongo.js:158:17)
    at MongoStore.get (G:\nodejs-project\ship\node_modules\connect-mongo\lib\connect-mongo.js:222:10)
    at session (G:\nodejs-project\ship\node_modules\express-session\index.js:403:11)
    at Layer.handle [as handle_request] (G:\nodejs-project\ship\node_modules\express\lib\router\layer.js:95:5)
    at trim_prefix (G:\nodejs-project\ship\node_modules\express\lib\router\index.js:312:13)
    at G:\nodejs-project\ship\node_modules\express\lib\router\index.js:280:7
    at Function.process_params (G:\nodejs-project\ship\node_modules\express\lib\router\index.js:330:12)
    at next (G:\nodejs-project\ship\node_modules\express\lib\router\index.js:271:10)
    at expressInit (G:\nodejs-project\ship\node_modules\express\lib\middleware\init.js:33:5)
    at Layer.handle [as handle_request] (G:\nodejs-project\ship\node_modules\express\lib\router\layer.js:95:5)
    at trim_prefix (G:\nodejs-project\ship\node_modules\express\lib\router\index.js:312:13)
    at G:\nodejs-project\ship\node_modules\express\lib\router\index.js:280:7
    at Function.process_params (G:\nodejs-project\ship\node_modules\express\lib\router\index.js:330:12)
    at next (G:\nodejs-project\ship\node_modules\express\lib\router\index.js:271:10)
[Wed Jan 27 2016 11:07:30 GMT+0800 (中国标准时间)] /libs/jquery/dist/jquery.min.map
Error: Cannot determine state of server
    at canCheckoutReader (G:\nodejs-project\ship\node_modules\connect-mongo\node_modules\mongodb\lib\mongodb\connection\server.js:779:12)
    at Server.checkoutReader (G:\nodejs-project\ship\node_modules\connect-mongo\node_modules\mongodb\lib\mongodb\connection\server.js:793:16)
    at Cursor.nextObject (G:\nodejs-project\ship\node_modules\connect-mongo\node_modules\mongodb\lib\mongodb\cursor.js:748:48)
    at Collection.findOne (G:\nodejs-project\ship\node_modules\connect-mongo\node_modules\mongodb\lib\mongodb\collection\query.js:162:10)
    at G:\nodejs-project\ship\node_modules\connect-mongo\lib\connect-mongo.js:223:18
    at MongoStore._get_collection (G:\nodejs-project\ship\node_modules\connect-mongo\lib\connect-mongo.js:156:21)
    at MongoStore.get (G:\nodejs-project\ship\node_modules\connect-mongo\lib\connect-mongo.js:222:10)
    at session (G:\nodejs-project\ship\node_modules\express-session\index.js:403:11)
    at Layer.handle [as handle_request] (G:\nodejs-project\ship\node_modules\express\lib\router\layer.js:95:5)
    at trim_prefix (G:\nodejs-project\ship\node_modules\express\lib\router\index.js:312:13)
    at G:\nodejs-project\ship\node_modules\express\lib\router\index.js:280:7
    at Function.process_params (G:\nodejs-project\ship\node_modules\express\lib\router\index.js:330:12)
    at next (G:\nodejs-project\ship\node_modules\express\lib\router\index.js:271:10)
    at expressInit (G:\nodejs-project\ship\node_modules\express\lib\middleware\init.js:33:5)
    at Layer.handle [as handle_request] (G:\nodejs-project\ship\node_modules\express\lib\router\layer.js:95:5)
    at trim_prefix (G:\nodejs-project\ship\node_modules\express\lib\router\index.js:312:13)
[Wed Jan 27 2016 16:54:14 GMT+0800 (中国标准时间)] /libs/jquery/dist/jquery.min.map
Error: Error getting collection: sessions
    at G:\nodejs-project\ship\node_modules\connect-mongo\lib\connect-mongo.js:160:19
    at Db.collection (G:\nodejs-project\ship\node_modules\connect-mongo\node_modules\mongodb\lib\mongodb\db.js:526:27)
    at MongoStore._get_collection (G:\nodejs-project\ship\node_modules\connect-mongo\lib\connect-mongo.js:158:17)
    at MongoStore.get (G:\nodejs-project\ship\node_modules\connect-mongo\lib\connect-mongo.js:222:10)
    at session (G:\nodejs-project\ship\node_modules\express-session\index.js:403:11)
    at Layer.handle [as handle_request] (G:\nodejs-project\ship\node_modules\express\lib\router\layer.js:95:5)
    at trim_prefix (G:\nodejs-project\ship\node_modules\express\lib\router\index.js:312:13)
    at G:\nodejs-project\ship\node_modules\express\lib\router\index.js:280:7
    at Function.process_params (G:\nodejs-project\ship\node_modules\express\lib\router\index.js:330:12)
    at next (G:\nodejs-project\ship\node_modules\express\lib\router\index.js:271:10)
    at expressInit (G:\nodejs-project\ship\node_modules\express\lib\middleware\init.js:33:5)
    at Layer.handle [as handle_request] (G:\nodejs-project\ship\node_modules\express\lib\router\layer.js:95:5)
    at trim_prefix (G:\nodejs-project\ship\node_modules\express\lib\router\index.js:312:13)
    at G:\nodejs-project\ship\node_modules\express\lib\router\index.js:280:7
    at Function.process_params (G:\nodejs-project\ship\node_modules\express\lib\router\index.js:330:12)
    at next (G:\nodejs-project\ship\node_modules\express\lib\router\index.js:271:10)
[Wed Jan 27 2016 16:54:15 GMT+0800 (中国标准时间)] /libs/bootstrap/dist/css/bootstrap.min.css.map
Error: Cannot determine state of server
    at canCheckoutReader (G:\nodejs-project\ship\node_modules\connect-mongo\node_modules\mongodb\lib\mongodb\connection\server.js:779:12)
    at Server.checkoutReader (G:\nodejs-project\ship\node_modules\connect-mongo\node_modules\mongodb\lib\mongodb\connection\server.js:793:16)
    at Cursor.nextObject (G:\nodejs-project\ship\node_modules\connect-mongo\node_modules\mongodb\lib\mongodb\cursor.js:748:48)
    at Collection.findOne (G:\nodejs-project\ship\node_modules\connect-mongo\node_modules\mongodb\lib\mongodb\collection\query.js:162:10)
    at G:\nodejs-project\ship\node_modules\connect-mongo\lib\connect-mongo.js:223:18
    at MongoStore._get_collection (G:\nodejs-project\ship\node_modules\connect-mongo\lib\connect-mongo.js:156:21)
    at MongoStore.get (G:\nodejs-project\ship\node_modules\connect-mongo\lib\connect-mongo.js:222:10)
    at session (G:\nodejs-project\ship\node_modules\express-session\index.js:403:11)
    at Layer.handle [as handle_request] (G:\nodejs-project\ship\node_modules\express\lib\router\layer.js:95:5)
    at trim_prefix (G:\nodejs-project\ship\node_modules\express\lib\router\index.js:312:13)
    at G:\nodejs-project\ship\node_modules\express\lib\router\index.js:280:7
    at Function.process_params (G:\nodejs-project\ship\node_modules\express\lib\router\index.js:330:12)
    at next (G:\nodejs-project\ship\node_modules\express\lib\router\index.js:271:10)
    at expressInit (G:\nodejs-project\ship\node_modules\express\lib\middleware\init.js:33:5)
    at Layer.handle [as handle_request] (G:\nodejs-project\ship\node_modules\express\lib\router\layer.js:95:5)
    at trim_prefix (G:\nodejs-project\ship\node_modules\express\lib\router\index.js:312:13)
[Tue Feb 02 2016 17:40:35 GMT+0800 (中国标准时间)] /stylesheets/style.css
Error: Error getting collection: sessions
    at G:\nodejs-project\ship\node_modules\connect-mongo\lib\connect-mongo.js:160:19
    at Db.collection (G:\nodejs-project\ship\node_modules\connect-mongo\node_modules\mongodb\lib\mongodb\db.js:526:27)
    at MongoStore._get_collection (G:\nodejs-project\ship\node_modules\connect-mongo\lib\connect-mongo.js:158:17)
    at MongoStore.get (G:\nodejs-project\ship\node_modules\connect-mongo\lib\connect-mongo.js:222:10)
    at session (G:\nodejs-project\ship\node_modules\express-session\index.js:403:11)
    at Layer.handle [as handle_request] (G:\nodejs-project\ship\node_modules\express\lib\router\layer.js:95:5)
    at trim_prefix (G:\nodejs-project\ship\node_modules\express\lib\router\index.js:312:13)
    at G:\nodejs-project\ship\node_modules\express\lib\router\index.js:280:7
    at Function.process_params (G:\nodejs-project\ship\node_modules\express\lib\router\index.js:330:12)
    at next (G:\nodejs-project\ship\node_modules\express\lib\router\index.js:271:10)
    at expressInit (G:\nodejs-project\ship\node_modules\express\lib\middleware\init.js:33:5)
    at Layer.handle [as handle_request] (G:\nodejs-project\ship\node_modules\express\lib\router\layer.js:95:5)
    at trim_prefix (G:\nodejs-project\ship\node_modules\express\lib\router\index.js:312:13)
    at G:\nodejs-project\ship\node_modules\express\lib\router\index.js:280:7
    at Function.process_params (G:\nodejs-project\ship\node_modules\express\lib\router\index.js:330:12)
    at next (G:\nodejs-project\ship\node_modules\express\lib\router\index.js:271:10)
[Tue Feb 16 2016 10:14:45 GMT+0800 (中国标准时间)] /blog/
Error: Error getting collection: sessions
    at G:\nodejs-project\ship\node_modules\connect-mongo\lib\connect-mongo.js:160:19
    at Db.collection (G:\nodejs-project\ship\node_modules\connect-mongo\node_modules\mongodb\lib\mongodb\db.js:526:27)
    at MongoStore._get_collection (G:\nodejs-project\ship\node_modules\connect-mongo\lib\connect-mongo.js:158:17)
    at MongoStore.get (G:\nodejs-project\ship\node_modules\connect-mongo\lib\connect-mongo.js:222:10)
    at session (G:\nodejs-project\ship\node_modules\express-session\index.js:403:11)
    at Layer.handle [as handle_request] (G:\nodejs-project\ship\node_modules\express\lib\router\layer.js:95:5)
    at trim_prefix (G:\nodejs-project\ship\node_modules\express\lib\router\index.js:312:13)
    at G:\nodejs-project\ship\node_modules\express\lib\router\index.js:280:7
    at Function.process_params (G:\nodejs-project\ship\node_modules\express\lib\router\index.js:330:12)
    at next (G:\nodejs-project\ship\node_modules\express\lib\router\index.js:271:10)
    at expressInit (G:\nodejs-project\ship\node_modules\express\lib\middleware\init.js:33:5)
    at Layer.handle [as handle_request] (G:\nodejs-project\ship\node_modules\express\lib\router\layer.js:95:5)
    at trim_prefix (G:\nodejs-project\ship\node_modules\express\lib\router\index.js:312:13)
    at G:\nodejs-project\ship\node_modules\express\lib\router\index.js:280:7
    at Function.process_params (G:\nodejs-project\ship\node_modules\express\lib\router\index.js:330:12)
    at next (G:\nodejs-project\ship\node_modules\express\lib\router\index.js:271:10)
>>>>>>> 80e6e78b3c8107ae6163a2b9d05028d5758b4d45
